<?xml version="1.0" encoding="UTF-8"?>
<coverage generated="1629396908701" clover="3.2.0">
  <project timestamp="1629396908701" name="All files">
    <metrics statements="35" coveredstatements="16" conditionals="24" coveredconditionals="4" methods="13" coveredmethods="5" elements="72" coveredelements="25" complexity="0" loc="35" ncloc="35" packages="1" files="2" classes="2"/>
    <file name="Board.js" path="/Users/cindysumyeukcheung/Documents/4. SoftwareDevelopement/1_BNT/projects/QueenSolver/Board.js">
      <metrics statements="10" coveredstatements="9" conditionals="5" coveredconditionals="4" methods="5" coveredmethods="4"/>
      <line num="3" count="21" type="stmt"/>
      <line num="4" count="21" type="stmt"/>
      <line num="7" count="2" type="stmt"/>
      <line num="10" count="5" type="stmt"/>
      <line num="11" count="4" type="cond" truecount="4" falsecount="1"/>
      <line num="15" count="4" type="stmt"/>
      <line num="18" count="1" type="stmt"/>
      <line num="21" count="5" type="stmt"/>
      <line num="24" count="0" type="stmt"/>
      <line num="33" count="1" type="stmt"/>
    </file>
    <file name="Piece.js" path="/Users/cindysumyeukcheung/Documents/4. SoftwareDevelopement/1_BNT/projects/QueenSolver/Piece.js">
      <metrics statements="25" coveredstatements="7" conditionals="19" coveredconditionals="0" methods="8" coveredmethods="1"/>
      <line num="3" count="1" type="stmt"/>
      <line num="6" count="10" type="stmt"/>
      <line num="7" count="10" type="stmt"/>
      <line num="8" count="10" type="stmt"/>
      <line num="9" count="10" type="stmt"/>
      <line num="12" count="0" type="stmt"/>
      <line num="16" count="0" type="cond" truecount="0" falsecount="6"/>
      <line num="21" count="0" type="stmt"/>
      <line num="22" count="0" type="stmt"/>
      <line num="23" count="0" type="stmt"/>
      <line num="24" count="0" type="stmt"/>
      <line num="28" count="0" type="cond" truecount="0" falsecount="2"/>
      <line num="29" count="0" type="stmt"/>
      <line num="30" count="0" type="stmt"/>
      <line num="34" count="0" type="stmt"/>
      <line num="37" count="0" type="cond" truecount="0" falsecount="7"/>
      <line num="42" count="0" type="stmt"/>
      <line num="46" count="0" type="cond" truecount="0" falsecount="2"/>
      <line num="47" count="0" type="stmt"/>
      <line num="49" count="0" type="stmt"/>
      <line num="52" count="0" type="cond" truecount="0" falsecount="2"/>
      <line num="53" count="0" type="stmt"/>
      <line num="55" count="0" type="stmt"/>
      <line num="57" count="10" type="stmt"/>
      <line num="62" count="1" type="stmt"/>
    </file>
  </project>
</coverage>
